Performing C SOURCE FILE Test CMAKE_HAVE_LIBC_PTHREAD failed with the following output:
Change Dir: /home/ff/桌面/test/build/CMakeFiles/CMakeScratch/TryCompile-15mxVX

Run Build Command(s):/usr/bin/make -f Makefile cmTC_ac3e1/fast && /usr/bin/make  -f CMakeFiles/cmTC_ac3e1.dir/build.make CMakeFiles/cmTC_ac3e1.dir/build
make[1]: 进入目录“/home/ff/桌面/test/build/CMakeFiles/CMakeScratch/TryCompile-15mxVX”
Building C object CMakeFiles/cmTC_ac3e1.dir/src.c.o
/usr/bin/cc -DCMAKE_HAVE_LIBC_PTHREAD   -o CMakeFiles/cmTC_ac3e1.dir/src.c.o -c /home/ff/桌面/test/build/CMakeFiles/CMakeScratch/TryCompile-15mxVX/src.c
Linking C executable cmTC_ac3e1
/usr/local/bin/cmake -E cmake_link_script CMakeFiles/cmTC_ac3e1.dir/link.txt --verbose=1
/usr/bin/cc -rdynamic CMakeFiles/cmTC_ac3e1.dir/src.c.o -o cmTC_ac3e1 
CMakeFiles/cmTC_ac3e1.dir/src.c.o：在函数‘main’中：
src.c:(.text+0x3e)：对‘pthread_create’未定义的引用
src.c:(.text+0x4a)：对‘pthread_detach’未定义的引用
src.c:(.text+0x56)：对‘pthread_cancel’未定义的引用
src.c:(.text+0x67)：对‘pthread_join’未定义的引用
src.c:(.text+0x7b)：对‘pthread_atfork’未定义的引用
collect2: error: ld returned 1 exit status
CMakeFiles/cmTC_ac3e1.dir/build.make:98: recipe for target 'cmTC_ac3e1' failed
make[1]: *** [cmTC_ac3e1] Error 1
make[1]: 离开目录“/home/ff/桌面/test/build/CMakeFiles/CMakeScratch/TryCompile-15mxVX”
Makefile:127: recipe for target 'cmTC_ac3e1/fast' failed
make: *** [cmTC_ac3e1/fast] Error 2


Source file was:
#include <pthread.h>

static void* test_func(void* data)
{
  return data;
}

int main(void)
{
  pthread_t thread;
  pthread_create(&thread, NULL, test_func, NULL);
  pthread_detach(thread);
  pthread_cancel(thread);
  pthread_join(thread, NULL);
  pthread_atfork(NULL, NULL, NULL);
  pthread_exit(NULL);

  return 0;
}


Determining if the function pthread_create exists in the pthreads failed with the following output:
Change Dir: /home/ff/桌面/test/build/CMakeFiles/CMakeScratch/TryCompile-CqvdsG

Run Build Command(s):/usr/bin/make -f Makefile cmTC_c3c23/fast && /usr/bin/make  -f CMakeFiles/cmTC_c3c23.dir/build.make CMakeFiles/cmTC_c3c23.dir/build
make[1]: 进入目录“/home/ff/桌面/test/build/CMakeFiles/CMakeScratch/TryCompile-CqvdsG”
Building C object CMakeFiles/cmTC_c3c23.dir/CheckFunctionExists.c.o
/usr/bin/cc   -DCHECK_FUNCTION_EXISTS=pthread_create -o CMakeFiles/cmTC_c3c23.dir/CheckFunctionExists.c.o -c /home/ff/桌面/test/build/CMakeFiles/CMakeScratch/TryCompile-CqvdsG/CheckFunctionExists.c
Linking C executable cmTC_c3c23
/usr/local/bin/cmake -E cmake_link_script CMakeFiles/cmTC_c3c23.dir/link.txt --verbose=1
/usr/bin/cc  -DCHECK_FUNCTION_EXISTS=pthread_create -rdynamic CMakeFiles/cmTC_c3c23.dir/CheckFunctionExists.c.o -o cmTC_c3c23  -lpthreads 
/usr/bin/ld: 找不到 -lpthreads
collect2: error: ld returned 1 exit status
CMakeFiles/cmTC_c3c23.dir/build.make:98: recipe for target 'cmTC_c3c23' failed
make[1]: *** [cmTC_c3c23] Error 1
make[1]: 离开目录“/home/ff/桌面/test/build/CMakeFiles/CMakeScratch/TryCompile-CqvdsG”
Makefile:127: recipe for target 'cmTC_c3c23/fast' failed
make: *** [cmTC_c3c23/fast] Error 2



